Build started 4/24/2016 5:39:01 PM.
     1>Project "c:\Users\Shahzad\documents\visual studio 2010\Projects\Recursion Program\Recursion Program\Recursion Program.vcxproj" on node 2 (build target(s)).
     1>PrepareForBuild:
         Creating directory "c:\users\shahzad\documents\visual studio 2010\Projects\Recursion Program\Debug\".
       InitializeBuildStatus:
         Creating "Debug\Recursion Program.unsuccessfulbuild" because "AlwaysCreate" was specified.
       ClCompile:
         c:\Program Files (x86)\Microsoft Visual Studio 10.0\VC\bin\CL.exe /c /ZI /nologo /W3 /WX- /Od /Oy- /D WIN32 /D _DEBUG /D _CONSOLE /D _UNICODE /D UNICODE /Gm /EHsc /RTC1 /MDd /GS /fp:precise /Zc:wchar_t /Zc:forScope /Yc"StdAfx.h" /Fp"Debug\Recursion Program.pch" /Fo"Debug\\" /Fd"Debug\vc100.pdb" /Gd /TP /analyze- /errorReport:prompt stdafx.cpp
         stdafx.cpp
         c:\Program Files (x86)\Microsoft Visual Studio 10.0\VC\bin\CL.exe /c /ZI /nologo /W3 /WX- /Od /Oy- /D WIN32 /D _DEBUG /D _CONSOLE /D _UNICODE /D UNICODE /Gm /EHsc /RTC1 /MDd /GS /fp:precise /Zc:wchar_t /Zc:forScope /Yu"StdAfx.h" /Fp"Debug\Recursion Program.pch" /Fo"Debug\\" /Fd"Debug\vc100.pdb" /Gd /TP /analyze- /errorReport:prompt "Recursion Program.cpp"
         Recursion Program.cpp
     1>c:\users\shahzad\documents\visual studio 2010\projects\recursion program\recursion program\recursion program.cpp(24): error C2447: '{' : missing function header (old-style formal list?)
     1>Done Building Project "c:\Users\Shahzad\documents\visual studio 2010\Projects\Recursion Program\Recursion Program\Recursion Program.vcxproj" (build target(s)) -- FAILED.

Build FAILED.

Time Elapsed 00:00:01.44
